# JRE version: Java(TM) SE Runtime Environment (8.0_281-b09) (build 1.8.0_281-b09)
# Java VM: Java HotSpot(TM) 64-Bit Server VM (25.281-b09 mixed mode windows-amd64 compressed oops)
Heap:
 PSYoungGen      total 152576K, used 57453K [0x00000000f5580000, 0x0000000100000000, 0x0000000100000000)
  eden space 130560K, 27% used [0x00000000f5580000,0x00000000f781ccb8,0x00000000fd500000)
  from space 22016K, 99% used [0x00000000fd500000,0x00000000fea7e9e8,0x00000000fea80000)
  to   space 22016K, 0% used [0x00000000fea80000,0x00000000fea80000,0x0000000100000000)
 ParOldGen       total 252928K, used 41748K [0x00000000e0000000, 0x00000000ef700000, 0x00000000f5580000)
  object space 252928K, 16% used [0x00000000e0000000,0x00000000e28c5028,0x00000000ef700000)
 Metaspace       used 70177K, capacity 74799K, committed 74968K, reserved 1118208K
  class space    used 9915K, capacity 10886K, committed 10968K, reserved 1048576K
GC Heap History (10 events):
Event: 10.856 GC heap before
{Heap before GC invocations=10 (full 2):
 PSYoungGen      total 155648K, used 155358K [0x00000000f5580000, 0x00000000ffe80000, 0x0000000100000000)
  eden space 146432K, 100% used [0x00000000f5580000,0x00000000fe480000,0x00000000fe480000)
  from space 9216K, 96% used [0x00000000fe480000,0x00000000fed37b38,0x00000000fed80000)
  to   space 13312K, 0% used [0x00000000ff180000,0x00000000ff180000,0x00000000ffe80000)
 ParOldGen       total 175104K, used 17290K [0x00000000e0000000, 0x00000000eab00000, 0x00000000f5580000)
  object space 175104K, 9% used [0x00000000e0000000,0x00000000e10e2960,0x00000000eab00000)
 Metaspace       used 50670K, capacity 53113K, committed 53504K, reserved 1095680K
  class space    used 7008K, capacity 7555K, committed 7680K, reserved 1048576K
Event: 10.882 GC heap after
Heap after GC invocations=10 (full 2):
 PSYoungGen      total 153088K, used 13298K [0x00000000f5580000, 0x0000000100000000, 0x0000000100000000)
  eden space 139776K, 0% used [0x00000000f5580000,0x00000000f5580000,0x00000000fde00000)
  from space 13312K, 99% used [0x00000000ff180000,0x00000000ffe7c8a8,0x00000000ffe80000)
  to   space 17408K, 0% used [0x00000000fde00000,0x00000000fde00000,0x00000000fef00000)
 ParOldGen       total 175104K, used 23492K [0x00000000e0000000, 0x00000000eab00000, 0x00000000f5580000)
  object space 175104K, 13% used [0x00000000e0000000,0x00000000e16f1078,0x00000000eab00000)
 Metaspace       used 50670K, capacity 53113K, committed 53504K, reserved 1095680K
  class space    used 7008K, capacity 7555K, committed 7680K, reserved 1048576K
}
Event: 18.656 GC heap before
{Heap before GC invocations=11 (full 2):
 PSYoungGen      total 153088K, used 138543K [0x00000000f5580000, 0x0000000100000000, 0x0000000100000000)
  eden space 139776K, 89% used [0x00000000f5580000,0x00000000fcfcf408,0x00000000fde00000)
  from space 13312K, 99% used [0x00000000ff180000,0x00000000ffe7c8a8,0x00000000ffe80000)
  to   space 17408K, 0% used [0x00000000fde00000,0x00000000fde00000,0x00000000fef00000)
 ParOldGen       total 175104K, used 23492K [0x00000000e0000000, 0x00000000eab00000, 0x00000000f5580000)
  object space 175104K, 13% used [0x00000000e0000000,0x00000000e16f1078,0x00000000eab00000)
 Metaspace       used 56162K, capacity 59001K, committed 59096K, reserved 1099776K
  class space    used 7749K, capacity 8366K, committed 8408K, reserved 1048576K
Event: 18.705 GC heap after
Heap after GC invocations=11 (full 2):
 PSYoungGen      total 157184K, used 17384K [0x00000000f5580000, 0x0000000100000000, 0x0000000100000000)
  eden space 139776K, 0% used [0x00000000f5580000,0x00000000f5580000,0x00000000fde00000)
  from space 17408K, 99% used [0x00000000fde00000,0x00000000feefa0c0,0x00000000fef00000)
  to   space 17408K, 0% used [0x00000000fef00000,0x00000000fef00000,0x0000000100000000)
 ParOldGen       total 175104K, used 30857K [0x00000000e0000000, 0x00000000eab00000, 0x00000000f5580000)
  object space 175104K, 17% used [0x00000000e0000000,0x00000000e1e224b8,0x00000000eab00000)
 Metaspace       used 56162K, capacity 59001K, committed 59096K, reserved 1099776K
  class space    used 7749K, capacity 8366K, committed 8408K, reserved 1048576K
}
Event: 18.705 GC heap before
{Heap before GC invocations=12 (full 3):
 PSYoungGen      total 157184K, used 17384K [0x00000000f5580000, 0x0000000100000000, 0x0000000100000000)
  eden space 139776K, 0% used [0x00000000f5580000,0x00000000f5580000,0x00000000fde00000)
  from space 17408K, 99% used [0x00000000fde00000,0x00000000feefa0c0,0x00000000fef00000)
  to   space 17408K, 0% used [0x00000000fef00000,0x00000000fef00000,0x0000000100000000)
 ParOldGen       total 175104K, used 30857K [0x00000000e0000000, 0x00000000eab00000, 0x00000000f5580000)
  object space 175104K, 17% used [0x00000000e0000000,0x00000000e1e224b8,0x00000000eab00000)
 Metaspace       used 56162K, capacity 59001K, committed 59096K, reserved 1099776K
  class space    used 7749K, capacity 8366K, committed 8408K, reserved 1048576K
Event: 19.289 GC heap after
Heap after GC invocations=12 (full 3):
 PSYoungGen      total 157184K, used 0K [0x00000000f5580000, 0x0000000100000000, 0x0000000100000000)
  eden space 139776K, 0% used [0x00000000f5580000,0x00000000f5580000,0x00000000fde00000)
  from space 17408K, 0% used [0x00000000fde00000,0x00000000fde00000,0x00000000fef00000)
  to   space 17408K, 0% used [0x00000000fef00000,0x00000000fef00000,0x0000000100000000)
 ParOldGen       total 252928K, used 39671K [0x00000000e0000000, 0x00000000ef700000, 0x00000000f5580000)
  object space 252928K, 15% used [0x00000000e0000000,0x00000000e26bdea0,0x00000000ef700000)
 Metaspace       used 56121K, capacity 58863K, committed 59096K, reserved 1099776K
  class space    used 7736K, capacity 8343K, committed 8408K, reserved 1048576K
}
Event: 20.668 GC heap before
{Heap before GC invocations=13 (full 3):
 PSYoungGen      total 157184K, used 139776K [0x00000000f5580000, 0x0000000100000000, 0x0000000100000000)
  eden space 139776K, 100% used [0x00000000f5580000,0x00000000fde00000,0x00000000fde00000)
  from space 17408K, 0% used [0x00000000fde00000,0x00000000fde00000,0x00000000fef00000)
  to   space 17408K, 0% used [0x00000000fef00000,0x00000000fef00000,0x0000000100000000)
 ParOldGen       total 252928K, used 39671K [0x00000000e0000000, 0x00000000ef700000, 0x00000000f5580000)
  object space 252928K, 15% used [0x00000000e0000000,0x00000000e26bdea0,0x00000000ef700000)
 Metaspace       used 62780K, capacity 65953K, committed 66136K, reserved 1105920K
  class space    used 8862K, capacity 9497K, committed 9560K, reserved 1048576K
Event: 20.679 GC heap after
Heap after GC invocations=13 (full 3):
 PSYoungGen      total 147968K, used 14729K [0x00000000f5580000, 0x0000000100000000, 0x0000000100000000)
  eden space 130560K, 0% used [0x00000000f5580000,0x00000000f5580000,0x00000000fd500000)
  from space 17408K, 84% used [0x00000000fef00000,0x00000000ffd62610,0x0000000100000000)
  to   space 22016K, 0% used [0x00000000fd500000,0x00000000fd500000,0x00000000fea80000)
 ParOldGen       total 252928K, used 39679K [0x00000000e0000000, 0x00000000ef700000, 0x00000000f5580000)
  object space 252928K, 15% used [0x00000000e0000000,0x00000000e26bfea0,0x00000000ef700000)
 Metaspace       used 62780K, capacity 65953K, committed 66136K, reserved 1105920K
  class space    used 8862K, capacity 9497K, committed 9560K, reserved 1048576K
}
Event: 22.139 GC heap before
{Heap before GC invocations=14 (full 3):
 PSYoungGen      total 147968K, used 145289K [0x00000000f5580000, 0x0000000100000000, 0x0000000100000000)
  eden space 130560K, 100% used [0x00000000f5580000,0x00000000fd500000,0x00000000fd500000)
  from space 17408K, 84% used [0x00000000fef00000,0x00000000ffd62610,0x0000000100000000)
  to   space 22016K, 0% used [0x00000000fd500000,0x00000000fd500000,0x00000000fea80000)
 ParOldGen       total 252928K, used 39679K [0x00000000e0000000, 0x00000000ef700000, 0x00000000f5580000)
  object space 252928K, 15% used [0x00000000e0000000,0x00000000e26bfea0,0x00000000ef700000)
 Metaspace       used 67057K, capacity 71271K, committed 71384K, reserved 1110016K
  class space    used 9483K, capacity 10438K, committed 10456K, reserved 1048576K
Event: 22.162 GC heap after
Heap after GC invocations=14 (full 3):
 PSYoungGen      total 152576K, used 22010K [0x00000000f5580000, 0x0000000100000000, 0x0000000100000000)
  eden space 130560K, 0% used [0x00000000f5580000,0x00000000f5580000,0x00000000fd500000)
  from space 22016K, 99% used [0x00000000fd500000,0x00000000fea7e9e8,0x00000000fea80000)
  to   space 22016K, 0% used [0x00000000fea80000,0x00000000fea80000,0x0000000100000000)
 ParOldGen       total 252928K, used 41748K [0x00000000e0000000, 0x00000000ef700000, 0x00000000f5580000)
  object space 252928K, 16% used [0x00000000e0000000,0x00000000e28c5028,0x00000000ef700000)
 Metaspace       used 67057K, capacity 71271K, committed 71384K, reserved 1110016K
  class space    used 9483K, capacity 10438K, committed 10456K, reserved 1048576K
}

