# JRE version: Java(TM) SE Runtime Environment (8.0_281-b09) (build 1.8.0_281-b09)
# Java VM: Java HotSpot(TM) 64-Bit Server VM (25.281-b09 mixed mode windows-amd64 compressed oops)
Heap:
 PSYoungGen      total 101888K, used 94943K [0x00000000f5580000, 0x00000000ffc80000, 0x0000000100000000)
  eden space 80384K, 91% used [0x00000000f5580000,0x00000000f9d91828,0x00000000fa400000)
  from space 21504K, 98% used [0x00000000fa400000,0x00000000fb8a6730,0x00000000fb900000)
  to   space 45056K, 0% used [0x00000000fd080000,0x00000000fd080000,0x00000000ffc80000)
 ParOldGen       total 349696K, used 139985K [0x00000000e0000000, 0x00000000f5580000, 0x00000000f5580000)
  object space 349696K, 40% used [0x00000000e0000000,0x00000000e88b4760,0x00000000f5580000)
 Metaspace       used 140851K, capacity 151622K, committed 151872K, reserved 1181696K
  class space    used 18566K, capacity 20486K, committed 20584K, reserved 1048576K
GC Heap History (10 events):
Event: 4923.970 GC heap before
{Heap before GC invocations=83 (full 5):
 PSYoungGen      total 126464K, used 106708K [0x00000000f5580000, 0x00000000ffe00000, 0x0000000100000000)
  eden space 80384K, 100% used [0x00000000f5580000,0x00000000fa400000,0x00000000fa400000)
  from space 46080K, 57% used [0x00000000fa400000,0x00000000fbdb5250,0x00000000fd100000)
  to   space 45056K, 0% used [0x00000000fd200000,0x00000000fd200000,0x00000000ffe00000)
 ParOldGen       total 349696K, used 311491K [0x00000000e0000000, 0x00000000f5580000, 0x00000000f5580000)
  object space 349696K, 89% used [0x00000000e0000000,0x00000000f3030c80,0x00000000f5580000)
 Metaspace       used 131924K, capacity 142526K, committed 142784K, reserved 1173504K
  class space    used 17425K, capacity 19326K, committed 19432K, reserved 1048576K
Event: 4923.991 GC heap after
Heap after GC invocations=83 (full 5):
 PSYoungGen      total 126976K, used 30709K [0x00000000f5580000, 0x0000000100000000, 0x0000000100000000)
  eden space 81920K, 0% used [0x00000000f5580000,0x00000000f5580000,0x00000000fa580000)
  from space 45056K, 68% used [0x00000000fd200000,0x00000000feffd488,0x00000000ffe00000)
  to   space 45568K, 0% used [0x00000000fa580000,0x00000000fa580000,0x00000000fd200000)
 ParOldGen       total 349696K, used 311547K [0x00000000e0000000, 0x00000000f5580000, 0x00000000f5580000)
  object space 349696K, 89% used [0x00000000e0000000,0x00000000f303ec80,0x00000000f5580000)
 Metaspace       used 131924K, capacity 142526K, committed 142784K, reserved 1173504K
  class space    used 17425K, capacity 19326K, committed 19432K, reserved 1048576K
}
Event: 4931.102 GC heap before
{Heap before GC invocations=84 (full 5):
 PSYoungGen      total 126976K, used 86384K [0x00000000f5580000, 0x0000000100000000, 0x0000000100000000)
  eden space 81920K, 67% used [0x00000000f5580000,0x00000000f8bdee40,0x00000000fa580000)
  from space 45056K, 68% used [0x00000000fd200000,0x00000000feffd488,0x00000000ffe00000)
  to   space 45568K, 0% used [0x00000000fa580000,0x00000000fa580000,0x00000000fd200000)
 ParOldGen       total 349696K, used 311547K [0x00000000e0000000, 0x00000000f5580000, 0x00000000f5580000)
  object space 349696K, 89% used [0x00000000e0000000,0x00000000f303ec80,0x00000000f5580000)
 Metaspace       used 133393K, capacity 144016K, committed 144192K, reserved 1173504K
  class space    used 17645K, capacity 19559K, committed 19560K, reserved 1048576K
Event: 4931.115 GC heap after
Heap after GC invocations=84 (full 5):
 PSYoungGen      total 127488K, used 32418K [0x00000000f5580000, 0x0000000100000000, 0x0000000100000000)
  eden space 81920K, 0% used [0x00000000f5580000,0x00000000f5580000,0x00000000fa580000)
  from space 45568K, 71% used [0x00000000fa580000,0x00000000fc528848,0x00000000fd200000)
  to   space 46592K, 0% used [0x00000000fd280000,0x00000000fd280000,0x0000000100000000)
 ParOldGen       total 349696K, used 311742K [0x00000000e0000000, 0x00000000f5580000, 0x00000000f5580000)
  object space 349696K, 89% used [0x00000000e0000000,0x00000000f306f8b0,0x00000000f5580000)
 Metaspace       used 133393K, capacity 144016K, committed 144192K, reserved 1173504K
  class space    used 17645K, capacity 19559K, committed 19560K, reserved 1048576K
}
Event: 4931.115 GC heap before
{Heap before GC invocations=85 (full 6):
 PSYoungGen      total 127488K, used 32418K [0x00000000f5580000, 0x0000000100000000, 0x0000000100000000)
  eden space 81920K, 0% used [0x00000000f5580000,0x00000000f5580000,0x00000000fa580000)
  from space 45568K, 71% used [0x00000000fa580000,0x00000000fc528848,0x00000000fd200000)
  to   space 46592K, 0% used [0x00000000fd280000,0x00000000fd280000,0x0000000100000000)
 ParOldGen       total 349696K, used 311742K [0x00000000e0000000, 0x00000000f5580000, 0x00000000f5580000)
  object space 349696K, 89% used [0x00000000e0000000,0x00000000f306f8b0,0x00000000f5580000)
 Metaspace       used 133393K, capacity 144016K, committed 144192K, reserved 1173504K
  class space    used 17645K, capacity 19559K, committed 19560K, reserved 1048576K
Event: 4931.570 GC heap after
Heap after GC invocations=85 (full 6):
 PSYoungGen      total 127488K, used 0K [0x00000000f5580000, 0x0000000100000000, 0x0000000100000000)
  eden space 81920K, 0% used [0x00000000f5580000,0x00000000f5580000,0x00000000fa580000)
  from space 45568K, 0% used [0x00000000fa580000,0x00000000fa580000,0x00000000fd200000)
  to   space 46592K, 0% used [0x00000000fd280000,0x00000000fd280000,0x0000000100000000)
 ParOldGen       total 349696K, used 139969K [0x00000000e0000000, 0x00000000f5580000, 0x00000000f5580000)
  object space 349696K, 40% used [0x00000000e0000000,0x00000000e88b0760,0x00000000f5580000)
 Metaspace       used 133066K, capacity 143444K, committed 144192K, reserved 1173504K
  class space    used 17582K, capacity 19445K, committed 19560K, reserved 1048576K
}
Event: 4951.837 GC heap before
{Heap before GC invocations=86 (full 6):
 PSYoungGen      total 127488K, used 81920K [0x00000000f5580000, 0x0000000100000000, 0x0000000100000000)
  eden space 81920K, 100% used [0x00000000f5580000,0x00000000fa580000,0x00000000fa580000)
  from space 45568K, 0% used [0x00000000fa580000,0x00000000fa580000,0x00000000fd200000)
  to   space 46592K, 0% used [0x00000000fd280000,0x00000000fd280000,0x0000000100000000)
 ParOldGen       total 349696K, used 139969K [0x00000000e0000000, 0x00000000f5580000, 0x00000000f5580000)
  object space 349696K, 40% used [0x00000000e0000000,0x00000000e88b0760,0x00000000f5580000)
 Metaspace       used 137393K, capacity 147996K, committed 148416K, reserved 1177600K
  class space    used 18193K, capacity 20063K, committed 20200K, reserved 1048576K
Event: 4951.846 GC heap after
Heap after GC invocations=86 (full 6):
 PSYoungGen      total 126976K, used 8598K [0x00000000f5580000, 0x0000000100000000, 0x0000000100000000)
  eden space 80384K, 0% used [0x00000000f5580000,0x00000000f5580000,0x00000000fa400000)
  from space 46592K, 18% used [0x00000000fd280000,0x00000000fdae5a50,0x0000000100000000)
  to   space 47104K, 0% used [0x00000000fa400000,0x00000000fa400000,0x00000000fd200000)
 ParOldGen       total 349696K, used 139977K [0x00000000e0000000, 0x00000000f5580000, 0x00000000f5580000)
  object space 349696K, 40% used [0x00000000e0000000,0x00000000e88b2760,0x00000000f5580000)
 Metaspace       used 137393K, capacity 147996K, committed 148416K, reserved 1177600K
  class space    used 18193K, capacity 20063K, committed 20200K, reserved 1048576K
}
Event: 4952.803 GC heap before
{Heap before GC invocations=87 (full 6):
 PSYoungGen      total 126976K, used 88982K [0x00000000f5580000, 0x0000000100000000, 0x0000000100000000)
  eden space 80384K, 100% used [0x00000000f5580000,0x00000000fa400000,0x00000000fa400000)
  from space 46592K, 18% used [0x00000000fd280000,0x00000000fdae5a50,0x0000000100000000)
  to   space 47104K, 0% used [0x00000000fa400000,0x00000000fa400000,0x00000000fd200000)
 ParOldGen       total 349696K, used 139977K [0x00000000e0000000, 0x00000000f5580000, 0x00000000f5580000)
  object space 349696K, 40% used [0x00000000e0000000,0x00000000e88b2760,0x00000000f5580000)
 Metaspace       used 139385K, capacity 150140K, committed 150464K, reserved 1179648K
  class space    used 18396K, capacity 20327K, committed 20456K, reserved 1048576K
Event: 4952.827 GC heap after
Heap after GC invocations=87 (full 6):
 PSYoungGen      total 101888K, used 21145K [0x00000000f5580000, 0x00000000ffc80000, 0x0000000100000000)
  eden space 80384K, 0% used [0x00000000f5580000,0x00000000f5580000,0x00000000fa400000)
  from space 21504K, 98% used [0x00000000fa400000,0x00000000fb8a6730,0x00000000fb900000)
  to   space 45056K, 0% used [0x00000000fd080000,0x00000000fd080000,0x00000000ffc80000)
 ParOldGen       total 349696K, used 139985K [0x00000000e0000000, 0x00000000f5580000, 0x00000000f5580000)
  object space 349696K, 40% used [0x00000000e0000000,0x00000000e88b4760,0x00000000f5580000)
 Metaspace       used 139385K, capacity 150140K, committed 150464K, reserved 1179648K
  class space    used 18396K, capacity 20327K, committed 20456K, reserved 1048576K
}

